<?xml version="1.0" encoding="UTF-8"?>
<testsuite name="Academy Choucair" tests="1" skipped="0" failures="0" errors="0" timestamp="2021-06-12T06:26:51" hostname="DESKTOP-E5M35H3" time="40.111">
  <properties/>
  <testcase name="Create an account" classname="Academy Choucair" time="40.111"/>
  <system-out><![CDATA[]]></system-out>
  <system-err><![CDATA[[Test worker] WARN net.thucydides.core.steps.BaseStepListener - stepStarted: net.thucydides.core.steps.ExecutedStepDescription@2c55fd
[Test worker] WARN net.thucydides.core.steps.BaseStepListener - stepStarted: net.thucydides.core.steps.ExecutedStepDescription@120787f
[Test worker] WARN net.thucydides.core.steps.BaseStepListener - stepStarted: net.thucydides.core.steps.ExecutedStepDescription@7dda50
jun 12, 2021 1:26:52 AM org.openqa.selenium.remote.DesiredCapabilities chrome
INFORMACIÓN: Using `new ChromeOptions()` is preferred to `DesiredCapabilities.chrome()`
[Test worker] INFO net.serenitybdd.core.webdriver.driverproviders.ProvideNewDriver - Instantiating driver
[Test worker] INFO net.serenitybdd.core.webdriver.driverproviders.ProvideNewDriver - Driver capabilities: Capabilities {acceptInsecureCerts: false, browserName: chrome, chrome.switches: --start-maximized, goog:chromeOptions: {args: [--start-maximized], extensions: []}, loggingPrefs: org.openqa.selenium.logging..., platform: ANY, version: }
Starting ChromeDriver 91.0.4472.19 (1bf021f248676a0b2ab3ee0561d83a59e424c23e-refs/branch-heads/4472@{#288}) on port 22768
Only local connections are allowed.
Please see https://chromedriver.chromium.org/security-considerations for suggestions on keeping ChromeDriver safe.
ChromeDriver was started successfully.
jun 12, 2021 1:27:01 AM org.openqa.selenium.remote.ProtocolHandshake createSession
INFORMACIÓN: Detected dialect: W3C
[Test worker] WARN net.thucydides.core.steps.BaseStepListener - stepFinished: current outcome:Create an account:Given than juan wants to register an account at the  Utest page [Juan open up [Juan opens the U text page]]
[Test worker] WARN net.thucydides.core.steps.BaseStepListener - stepFinished: current outcome:Create an account:Given than juan wants to register an account at the  Utest page [Juan open up [Juan opens the U text page]]
[Test worker] WARN net.thucydides.core.steps.BaseStepListener - stepStarted: net.thucydides.core.steps.ExecutedStepDescription@37d29e
[Test worker] WARN net.thucydides.core.steps.BaseStepListener - stepStarted: net.thucydides.core.steps.ExecutedStepDescription@806062
[Test worker] WARN net.thucydides.core.steps.BaseStepListener - stepFinished: current outcome:Create an account:Given than juan wants to register an account at the  Utest page [Juan open up [Juan opens the U text page], Juan register [Juan clicks on button that shows us the form to register]]
[Test worker] WARN net.thucydides.core.steps.BaseStepListener - stepStarted: net.thucydides.core.steps.ExecutedStepDescription@1197e0d
[Test worker] WARN net.thucydides.core.steps.BaseStepListener - stepFinished: current outcome:Create an account:Given than juan wants to register an account at the  Utest page [Juan open up [Juan opens the U text page], Juan register [Juan clicks on button that shows us the form to register, Juan enters 'Juan' into where do we write the first name]]
[Test worker] WARN net.thucydides.core.steps.BaseStepListener - stepStarted: net.thucydides.core.steps.ExecutedStepDescription@d00b3
[Test worker] WARN net.thucydides.core.steps.BaseStepListener - stepFinished: current outcome:Create an account:Given than juan wants to register an account at the  Utest page [Juan open up [Juan opens the U text page], Juan register [Juan clicks on button that shows us the form to register, Juan enters 'Juan' into where do we write the first name, Juan enters 'Arboleda' into where do we write the last name]]
[Test worker] WARN net.thucydides.core.steps.BaseStepListener - stepStarted: net.thucydides.core.steps.ExecutedStepDescription@1d7feb7
[Test worker] WARN net.thucydides.core.steps.BaseStepListener - stepFinished: current outcome:Create an account:Given than juan wants to register an account at the  Utest page [Juan open up [Juan opens the U text page], Juan register [Juan clicks on button that shows us the form to register, Juan enters 'Juan' into where do we write the first name, Juan enters 'Arboleda' into where do we write the last name, Juan enters 'Jhhhhhnfnn@gmail.com' into where do we write the email]]
[Test worker] WARN net.thucydides.core.steps.BaseStepListener - stepStarted: net.thucydides.core.steps.ExecutedStepDescription@40d2ee
[Test worker] WARN net.thucydides.core.steps.BaseStepListener - stepFinished: current outcome:Create an account:Given than juan wants to register an account at the  Utest page [Juan open up [Juan opens the U text page], Juan register [Juan clicks on button that shows us the form to register, Juan enters 'Juan' into where do we write the first name, Juan enters 'Arboleda' into where do we write the last name, Juan enters 'Jhhhhhnfnn@gmail.com' into where do we write the email, Juan select June on where do we select the birth month]]
[Test worker] WARN net.thucydides.core.steps.BaseStepListener - stepStarted: net.thucydides.core.steps.ExecutedStepDescription@1698a7a
[Test worker] WARN net.thucydides.core.steps.BaseStepListener - stepFinished: current outcome:Create an account:Given than juan wants to register an account at the  Utest page [Juan open up [Juan opens the U text page], Juan register [Juan clicks on button that shows us the form to register, Juan enters 'Juan' into where do we write the first name, Juan enters 'Arboleda' into where do we write the last name, Juan enters 'Jhhhhhnfnn@gmail.com' into where do we write the email, Juan select June on where do we select the birth month, Juan select 30 on where do we select the birth day]]
[Test worker] WARN net.thucydides.core.steps.BaseStepListener - stepStarted: net.thucydides.core.steps.ExecutedStepDescription@2de41c
[Test worker] WARN net.thucydides.core.steps.BaseStepListener - stepFinished: current outcome:Create an account:Given than juan wants to register an account at the  Utest page [Juan open up [Juan opens the U text page], Juan register [Juan clicks on button that shows us the form to register, Juan enters 'Juan' into where do we write the first name, Juan enters 'Arboleda' into where do we write the last name, Juan enters 'Jhhhhhnfnn@gmail.com' into where do we write the email, Juan select June on where do we select the birth month, Juan select 30 on where do we select the birth day, Juan select 1999 on where do we select the birth year]]
[Test worker] WARN net.thucydides.core.steps.BaseStepListener - stepStarted: net.thucydides.core.steps.ExecutedStepDescription@146522e
[Test worker] WARN net.thucydides.core.steps.BaseStepListener - stepFinished: current outcome:Create an account:Given than juan wants to register an account at the  Utest page [Juan open up [Juan opens the U text page], Juan register [Juan clicks on button that shows us the form to register, Juan enters 'Juan' into where do we write the first name, Juan enters 'Arboleda' into where do we write the last name, Juan enters 'Jhhhhhnfnn@gmail.com' into where do we write the email, Juan select June on where do we select the birth month, Juan select 30 on where do we select the birth day, Juan select 1999 on where do we select the birth year, Juan clicks on button press next location]]
[Test worker] WARN net.thucydides.core.steps.BaseStepListener - stepStarted: net.thucydides.core.steps.ExecutedStepDescription@69e540
[Test worker] WARN net.thucydides.core.steps.BaseStepListener - stepFinished: current outcome:Create an account:Given than juan wants to register an account at the  Utest page [Juan open up [Juan opens the U text page], Juan register [Juan clicks on button that shows us the form to register, Juan enters 'Juan' into where do we write the first name, Juan enters 'Arboleda' into where do we write the last name, Juan enters 'Jhhhhhnfnn@gmail.com' into where do we write the email, Juan select June on where do we select the birth month, Juan select 30 on where do we select the birth day, Juan select 1999 on where do we select the birth year, Juan clicks on button press next location, Juan enters '050015' into where do we write the postal code]]
[Test worker] WARN net.thucydides.core.steps.BaseStepListener - stepStarted: net.thucydides.core.steps.ExecutedStepDescription@11d1f9d
[Test worker] WARN net.thucydides.core.steps.BaseStepListener - stepFinished: current outcome:Create an account:Given than juan wants to register an account at the  Utest page [Juan open up [Juan opens the U text page], Juan register [Juan clicks on button that shows us the form to register, Juan enters 'Juan' into where do we write the first name, Juan enters 'Arboleda' into where do we write the last name, Juan enters 'Jhhhhhnfnn@gmail.com' into where do we write the email, Juan select June on where do we select the birth month, Juan select 30 on where do we select the birth day, Juan select 1999 on where do we select the birth year, Juan clicks on button press next location, Juan enters '050015' into where do we write the postal code, Juan clicks on button press next devices]]
[Test worker] WARN net.thucydides.core.steps.BaseStepListener - stepStarted: net.thucydides.core.steps.ExecutedStepDescription@6e8e7b
[Test worker] WARN net.thucydides.core.steps.BaseStepListener - stepFinished: current outcome:Create an account:Given than juan wants to register an account at the  Utest page [Juan open up [Juan opens the U text page], Juan register [Juan clicks on button that shows us the form to register, Juan enters 'Juan' into where do we write the first name, Juan enters 'Arboleda' into where do we write the last name, Juan enters 'Jhhhhhnfnn@gmail.com' into where do we write the email, Juan select June on where do we select the birth month, Juan select 30 on where do we select the birth day, Juan select 1999 on where do we select the birth year, Juan clicks on button press next location, Juan enters '050015' into where do we write the postal code, Juan clicks on button press next devices, Juan enters 'Colombia' into where do we select the contry]]
[Test worker] WARN net.thucydides.core.steps.BaseStepListener - stepStarted: net.thucydides.core.steps.ExecutedStepDescription@55f3e
[Test worker] WARN net.thucydides.core.steps.BaseStepListener - stepFinished: current outcome:Create an account:Given than juan wants to register an account at the  Utest page [Juan open up [Juan opens the U text page], Juan register [Juan clicks on button that shows us the form to register, Juan enters 'Juan' into where do we write the first name, Juan enters 'Arboleda' into where do we write the last name, Juan enters 'Jhhhhhnfnn@gmail.com' into where do we write the email, Juan select June on where do we select the birth month, Juan select 30 on where do we select the birth day, Juan select 1999 on where do we select the birth year, Juan clicks on button press next location, Juan enters '050015' into where do we write the postal code, Juan clicks on button press next devices, Juan enters 'Colombia' into where do we select the contry, Juan clicks on button press next devices]]
[Test worker] WARN net.thucydides.core.steps.BaseStepListener - stepFinished: current outcome:Create an account:Given than juan wants to register an account at the  Utest page [Juan open up [Juan opens the U text page], Juan register [Juan clicks on button that shows us the form to register, Juan enters 'Juan' into where do we write the first name, Juan enters 'Arboleda' into where do we write the last name, Juan enters 'Jhhhhhnfnn@gmail.com' into where do we write the email, Juan select June on where do we select the birth month, Juan select 30 on where do we select the birth day, Juan select 1999 on where do we select the birth year, Juan clicks on button press next location, Juan enters '050015' into where do we write the postal code, Juan clicks on button press next devices, Juan enters 'Colombia' into where do we select the contry, Juan clicks on button press next devices]]
[Test worker] WARN net.thucydides.core.steps.BaseStepListener - stepFinished: current outcome:Create an account:Given than juan wants to register an account at the  Utest page [Juan open up [Juan opens the U text page], Juan register [Juan clicks on button that shows us the form to register, Juan enters 'Juan' into where do we write the first name, Juan enters 'Arboleda' into where do we write the last name, Juan enters 'Jhhhhhnfnn@gmail.com' into where do we write the email, Juan select June on where do we select the birth month, Juan select 30 on where do we select the birth day, Juan select 1999 on where do we select the birth year, Juan clicks on button press next location, Juan enters '050015' into where do we write the postal code, Juan clicks on button press next devices, Juan enters 'Colombia' into where do we select the contry, Juan clicks on button press next devices]]
[Test worker] WARN net.thucydides.core.steps.BaseStepListener - stepStarted: net.thucydides.core.steps.ExecutedStepDescription@fc151c
[Test worker] WARN net.thucydides.core.steps.BaseStepListener - stepStarted: net.thucydides.core.steps.ExecutedStepDescription@16b4465
[Test worker] WARN net.thucydides.core.steps.BaseStepListener - stepStarted: net.thucydides.core.steps.ExecutedStepDescription@7d24d0
[Test worker] WARN net.thucydides.core.steps.BaseStepListener - stepFinished: current outcome:Create an account:Given than juan wants to register an account at the  Utest page [Juan open up [Juan opens the U text page], Juan register [Juan clicks on button that shows us the form to register, Juan enters 'Juan' into where do we write the first name, Juan enters 'Arboleda' into where do we write the last name, Juan enters 'Jhhhhhnfnn@gmail.com' into where do we write the email, Juan select June on where do we select the birth month, Juan select 30 on where do we select the birth day, Juan select 1999 on where do we select the birth year, Juan clicks on button press next location, Juan enters '050015' into where do we write the postal code, Juan clicks on button press next devices, Juan enters 'Colombia' into where do we select the contry, Juan clicks on button press next devices]], When he search his devices and tell about them [Juan search [Juan clicks on where do we select the birth computer]]
[Test worker] WARN net.thucydides.core.steps.BaseStepListener - stepStarted: net.thucydides.core.steps.ExecutedStepDescription@17e179f
[Test worker] WARN net.thucydides.core.steps.BaseStepListener - stepFinished: current outcome:Create an account:Given than juan wants to register an account at the  Utest page [Juan open up [Juan opens the U text page], Juan register [Juan clicks on button that shows us the form to register, Juan enters 'Juan' into where do we write the first name, Juan enters 'Arboleda' into where do we write the last name, Juan enters 'Jhhhhhnfnn@gmail.com' into where do we write the email, Juan select June on where do we select the birth month, Juan select 30 on where do we select the birth day, Juan select 1999 on where do we select the birth year, Juan clicks on button press next location, Juan enters '050015' into where do we write the postal code, Juan clicks on button press next devices, Juan enters 'Colombia' into where do we select the contry, Juan clicks on button press next devices]], When he search his devices and tell about them [Juan search [Juan clicks on where do we select the birth computer, Juan enters 'Windows' into where do we select the birth computer]]
[Test worker] WARN net.thucydides.core.steps.BaseStepListener - stepStarted: net.thucydides.core.steps.ExecutedStepDescription@ae0bf0
[Test worker] WARN net.thucydides.core.steps.BaseStepListener - stepFinished: current outcome:Create an account:Given than juan wants to register an account at the  Utest page [Juan open up [Juan opens the U text page], Juan register [Juan clicks on button that shows us the form to register, Juan enters 'Juan' into where do we write the first name, Juan enters 'Arboleda' into where do we write the last name, Juan enters 'Jhhhhhnfnn@gmail.com' into where do we write the email, Juan select June on where do we select the birth month, Juan select 30 on where do we select the birth day, Juan select 1999 on where do we select the birth year, Juan clicks on button press next location, Juan enters '050015' into where do we write the postal code, Juan clicks on button press next devices, Juan enters 'Colombia' into where do we select the contry, Juan clicks on button press next devices]], When he search his devices and tell about them [Juan search [Juan clicks on where do we select the birth computer, Juan enters 'Windows' into where do we select the birth computer, Juan clicks on where do we select the birth computer version]]
[Test worker] WARN net.thucydides.core.steps.BaseStepListener - stepStarted: net.thucydides.core.steps.ExecutedStepDescription@1e59e9f
[Test worker] WARN net.thucydides.core.steps.BaseStepListener - stepFinished: current outcome:Create an account:Given than juan wants to register an account at the  Utest page [Juan open up [Juan opens the U text page], Juan register [Juan clicks on button that shows us the form to register, Juan enters 'Juan' into where do we write the first name, Juan enters 'Arboleda' into where do we write the last name, Juan enters 'Jhhhhhnfnn@gmail.com' into where do we write the email, Juan select June on where do we select the birth month, Juan select 30 on where do we select the birth day, Juan select 1999 on where do we select the birth year, Juan clicks on button press next location, Juan enters '050015' into where do we write the postal code, Juan clicks on button press next devices, Juan enters 'Colombia' into where do we select the contry, Juan clicks on button press next devices]], When he search his devices and tell about them [Juan search [Juan clicks on where do we select the birth computer, Juan enters 'Windows' into where do we select the birth computer, Juan clicks on where do we select the birth computer version, Juan enters '10' into where do we select the birth computer version]]
[Test worker] WARN net.thucydides.core.steps.BaseStepListener - stepStarted: net.thucydides.core.steps.ExecutedStepDescription@901628
[Test worker] WARN net.thucydides.core.steps.BaseStepListener - stepFinished: current outcome:Create an account:Given than juan wants to register an account at the  Utest page [Juan open up [Juan opens the U text page], Juan register [Juan clicks on button that shows us the form to register, Juan enters 'Juan' into where do we write the first name, Juan enters 'Arboleda' into where do we write the last name, Juan enters 'Jhhhhhnfnn@gmail.com' into where do we write the email, Juan select June on where do we select the birth month, Juan select 30 on where do we select the birth day, Juan select 1999 on where do we select the birth year, Juan clicks on button press next location, Juan enters '050015' into where do we write the postal code, Juan clicks on button press next devices, Juan enters 'Colombia' into where do we select the contry, Juan clicks on button press next devices]], When he search his devices and tell about them [Juan search [Juan clicks on where do we select the birth computer, Juan enters 'Windows' into where do we select the birth computer, Juan clicks on where do we select the birth computer version, Juan enters '10' into where do we select the birth computer version, Juan clicks on where do we select the birth language]]
[Test worker] WARN net.thucydides.core.steps.BaseStepListener - stepStarted: net.thucydides.core.steps.ExecutedStepDescription@112603b
[Test worker] WARN net.thucydides.core.steps.BaseStepListener - stepFinished: current outcome:Create an account:Given than juan wants to register an account at the  Utest page [Juan open up [Juan opens the U text page], Juan register [Juan clicks on button that shows us the form to register, Juan enters 'Juan' into where do we write the first name, Juan enters 'Arboleda' into where do we write the last name, Juan enters 'Jhhhhhnfnn@gmail.com' into where do we write the email, Juan select June on where do we select the birth month, Juan select 30 on where do we select the birth day, Juan select 1999 on where do we select the birth year, Juan clicks on button press next location, Juan enters '050015' into where do we write the postal code, Juan clicks on button press next devices, Juan enters 'Colombia' into where do we select the contry, Juan clicks on button press next devices]], When he search his devices and tell about them [Juan search [Juan clicks on where do we select the birth computer, Juan enters 'Windows' into where do we select the birth computer, Juan clicks on where do we select the birth computer version, Juan enters '10' into where do we select the birth computer version, Juan clicks on where do we select the birth language, Juan enters 'Spanish' into where do we select the birth language]]
[Test worker] WARN net.thucydides.core.steps.BaseStepListener - stepStarted: net.thucydides.core.steps.ExecutedStepDescription@1ea09d4
[Test worker] WARN net.thucydides.core.steps.BaseStepListener - stepFinished: current outcome:Create an account:Given than juan wants to register an account at the  Utest page [Juan open up [Juan opens the U text page], Juan register [Juan clicks on button that shows us the form to register, Juan enters 'Juan' into where do we write the first name, Juan enters 'Arboleda' into where do we write the last name, Juan enters 'Jhhhhhnfnn@gmail.com' into where do we write the email, Juan select June on where do we select the birth month, Juan select 30 on where do we select the birth day, Juan select 1999 on where do we select the birth year, Juan clicks on button press next location, Juan enters '050015' into where do we write the postal code, Juan clicks on button press next devices, Juan enters 'Colombia' into where do we select the contry, Juan clicks on button press next devices]], When he search his devices and tell about them [Juan search [Juan clicks on where do we select the birth computer, Juan enters 'Windows' into where do we select the birth computer, Juan clicks on where do we select the birth computer version, Juan enters '10' into where do we select the birth computer version, Juan clicks on where do we select the birth language, Juan enters 'Spanish' into where do we select the birth language, Juan clicks on button press next location]]
[Test worker] WARN net.thucydides.core.steps.BaseStepListener - stepFinished: current outcome:Create an account:Given than juan wants to register an account at the  Utest page [Juan open up [Juan opens the U text page], Juan register [Juan clicks on button that shows us the form to register, Juan enters 'Juan' into where do we write the first name, Juan enters 'Arboleda' into where do we write the last name, Juan enters 'Jhhhhhnfnn@gmail.com' into where do we write the email, Juan select June on where do we select the birth month, Juan select 30 on where do we select the birth day, Juan select 1999 on where do we select the birth year, Juan clicks on button press next location, Juan enters '050015' into where do we write the postal code, Juan clicks on button press next devices, Juan enters 'Colombia' into where do we select the contry, Juan clicks on button press next devices]], When he search his devices and tell about them [Juan search [Juan clicks on where do we select the birth computer, Juan enters 'Windows' into where do we select the birth computer, Juan clicks on where do we select the birth computer version, Juan enters '10' into where do we select the birth computer version, Juan clicks on where do we select the birth language, Juan enters 'Spanish' into where do we select the birth language, Juan clicks on button press next location]]
[Test worker] WARN net.thucydides.core.steps.BaseStepListener - stepFinished: current outcome:Create an account:Given than juan wants to register an account at the  Utest page [Juan open up [Juan opens the U text page], Juan register [Juan clicks on button that shows us the form to register, Juan enters 'Juan' into where do we write the first name, Juan enters 'Arboleda' into where do we write the last name, Juan enters 'Jhhhhhnfnn@gmail.com' into where do we write the email, Juan select June on where do we select the birth month, Juan select 30 on where do we select the birth day, Juan select 1999 on where do we select the birth year, Juan clicks on button press next location, Juan enters '050015' into where do we write the postal code, Juan clicks on button press next devices, Juan enters 'Colombia' into where do we select the contry, Juan clicks on button press next devices]], When he search his devices and tell about them [Juan search [Juan clicks on where do we select the birth computer, Juan enters 'Windows' into where do we select the birth computer, Juan clicks on where do we select the birth computer version, Juan enters '10' into where do we select the birth computer version, Juan clicks on where do we select the birth language, Juan enters 'Spanish' into where do we select the birth language, Juan clicks on button press next location]]
[Test worker] WARN net.thucydides.core.steps.BaseStepListener - stepStarted: net.thucydides.core.steps.ExecutedStepDescription@7b332c
[Test worker] WARN net.thucydides.core.steps.BaseStepListener - stepStarted: net.thucydides.core.steps.ExecutedStepDescription@1397501
[Test worker] WARN net.thucydides.core.steps.BaseStepListener - stepStarted: net.thucydides.core.steps.ExecutedStepDescription@19b5657
[Test worker] WARN net.thucydides.core.steps.BaseStepListener - stepFinished: current outcome:Create an account:Given than juan wants to register an account at the  Utest page [Juan open up [Juan opens the U text page], Juan register [Juan clicks on button that shows us the form to register, Juan enters 'Juan' into where do we write the first name, Juan enters 'Arboleda' into where do we write the last name, Juan enters 'Jhhhhhnfnn@gmail.com' into where do we write the email, Juan select June on where do we select the birth month, Juan select 30 on where do we select the birth day, Juan select 1999 on where do we select the birth year, Juan clicks on button press next location, Juan enters '050015' into where do we write the postal code, Juan clicks on button press next devices, Juan enters 'Colombia' into where do we select the contry, Juan clicks on button press next devices]], When he search his devices and tell about them [Juan search [Juan clicks on where do we select the birth computer, Juan enters 'Windows' into where do we select the birth computer, Juan clicks on where do we select the birth computer version, Juan enters '10' into where do we select the birth computer version, Juan clicks on where do we select the birth language, Juan enters 'Spanish' into where do we select the birth language, Juan clicks on button press next location]], Then He enters his password and accepts the terms [Juan create [Juan enters 'WindowsM58' into where do we write the password]]
[Test worker] WARN net.thucydides.core.steps.BaseStepListener - stepStarted: net.thucydides.core.steps.ExecutedStepDescription@1059ac7
[Test worker] WARN net.thucydides.core.steps.BaseStepListener - stepFinished: current outcome:Create an account:Given than juan wants to register an account at the  Utest page [Juan open up [Juan opens the U text page], Juan register [Juan clicks on button that shows us the form to register, Juan enters 'Juan' into where do we write the first name, Juan enters 'Arboleda' into where do we write the last name, Juan enters 'Jhhhhhnfnn@gmail.com' into where do we write the email, Juan select June on where do we select the birth month, Juan select 30 on where do we select the birth day, Juan select 1999 on where do we select the birth year, Juan clicks on button press next location, Juan enters '050015' into where do we write the postal code, Juan clicks on button press next devices, Juan enters 'Colombia' into where do we select the contry, Juan clicks on button press next devices]], When he search his devices and tell about them [Juan search [Juan clicks on where do we select the birth computer, Juan enters 'Windows' into where do we select the birth computer, Juan clicks on where do we select the birth computer version, Juan enters '10' into where do we select the birth computer version, Juan clicks on where do we select the birth language, Juan enters 'Spanish' into where do we select the birth language, Juan clicks on button press next location]], Then He enters his password and accepts the terms [Juan create [Juan enters 'WindowsM58' into where do we write the password, Juan enters 'WindowsM58' into where do we write the password confirm]]
[Test worker] WARN net.thucydides.core.steps.BaseStepListener - stepStarted: net.thucydides.core.steps.ExecutedStepDescription@df2b3d
[Test worker] WARN net.thucydides.core.steps.BaseStepListener - stepFinished: current outcome:Create an account:Given than juan wants to register an account at the  Utest page [Juan open up [Juan opens the U text page], Juan register [Juan clicks on button that shows us the form to register, Juan enters 'Juan' into where do we write the first name, Juan enters 'Arboleda' into where do we write the last name, Juan enters 'Jhhhhhnfnn@gmail.com' into where do we write the email, Juan select June on where do we select the birth month, Juan select 30 on where do we select the birth day, Juan select 1999 on where do we select the birth year, Juan clicks on button press next location, Juan enters '050015' into where do we write the postal code, Juan clicks on button press next devices, Juan enters 'Colombia' into where do we select the contry, Juan clicks on button press next devices]], When he search his devices and tell about them [Juan search [Juan clicks on where do we select the birth computer, Juan enters 'Windows' into where do we select the birth computer, Juan clicks on where do we select the birth computer version, Juan enters '10' into where do we select the birth computer version, Juan clicks on where do we select the birth language, Juan enters 'Spanish' into where do we select the birth language, Juan clicks on button press next location]], Then He enters his password and accepts the terms [Juan create [Juan enters 'WindowsM58' into where do we write the password, Juan enters 'WindowsM58' into where do we write the password confirm, Juan clicks on where do we check the first condition]]
[Test worker] WARN net.thucydides.core.steps.BaseStepListener - stepStarted: net.thucydides.core.steps.ExecutedStepDescription@10b8300
[Test worker] WARN net.thucydides.core.steps.BaseStepListener - stepFinished: current outcome:Create an account:Given than juan wants to register an account at the  Utest page [Juan open up [Juan opens the U text page], Juan register [Juan clicks on button that shows us the form to register, Juan enters 'Juan' into where do we write the first name, Juan enters 'Arboleda' into where do we write the last name, Juan enters 'Jhhhhhnfnn@gmail.com' into where do we write the email, Juan select June on where do we select the birth month, Juan select 30 on where do we select the birth day, Juan select 1999 on where do we select the birth year, Juan clicks on button press next location, Juan enters '050015' into where do we write the postal code, Juan clicks on button press next devices, Juan enters 'Colombia' into where do we select the contry, Juan clicks on button press next devices]], When he search his devices and tell about them [Juan search [Juan clicks on where do we select the birth computer, Juan enters 'Windows' into where do we select the birth computer, Juan clicks on where do we select the birth computer version, Juan enters '10' into where do we select the birth computer version, Juan clicks on where do we select the birth language, Juan enters 'Spanish' into where do we select the birth language, Juan clicks on button press next location]], Then He enters his password and accepts the terms [Juan create [Juan enters 'WindowsM58' into where do we write the password, Juan enters 'WindowsM58' into where do we write the password confirm, Juan clicks on where do we check the first condition, Juan clicks on where do we check the second condition]]
[Test worker] WARN net.thucydides.core.steps.BaseStepListener - stepStarted: net.thucydides.core.steps.ExecutedStepDescription@14e745d
[Test worker] WARN net.thucydides.core.steps.BaseStepListener - stepFinished: current outcome:Create an account:Given than juan wants to register an account at the  Utest page [Juan open up [Juan opens the U text page], Juan register [Juan clicks on button that shows us the form to register, Juan enters 'Juan' into where do we write the first name, Juan enters 'Arboleda' into where do we write the last name, Juan enters 'Jhhhhhnfnn@gmail.com' into where do we write the email, Juan select June on where do we select the birth month, Juan select 30 on where do we select the birth day, Juan select 1999 on where do we select the birth year, Juan clicks on button press next location, Juan enters '050015' into where do we write the postal code, Juan clicks on button press next devices, Juan enters 'Colombia' into where do we select the contry, Juan clicks on button press next devices]], When he search his devices and tell about them [Juan search [Juan clicks on where do we select the birth computer, Juan enters 'Windows' into where do we select the birth computer, Juan clicks on where do we select the birth computer version, Juan enters '10' into where do we select the birth computer version, Juan clicks on where do we select the birth language, Juan enters 'Spanish' into where do we select the birth language, Juan clicks on button press next location]], Then He enters his password and accepts the terms [Juan create [Juan enters 'WindowsM58' into where do we write the password, Juan enters 'WindowsM58' into where do we write the password confirm, Juan clicks on where do we check the first condition, Juan clicks on where do we check the second condition, Juan clicks on button press complete register]]
[Test worker] WARN net.thucydides.core.steps.BaseStepListener - stepFinished: current outcome:Create an account:Given than juan wants to register an account at the  Utest page [Juan open up [Juan opens the U text page], Juan register [Juan clicks on button that shows us the form to register, Juan enters 'Juan' into where do we write the first name, Juan enters 'Arboleda' into where do we write the last name, Juan enters 'Jhhhhhnfnn@gmail.com' into where do we write the email, Juan select June on where do we select the birth month, Juan select 30 on where do we select the birth day, Juan select 1999 on where do we select the birth year, Juan clicks on button press next location, Juan enters '050015' into where do we write the postal code, Juan clicks on button press next devices, Juan enters 'Colombia' into where do we select the contry, Juan clicks on button press next devices]], When he search his devices and tell about them [Juan search [Juan clicks on where do we select the birth computer, Juan enters 'Windows' into where do we select the birth computer, Juan clicks on where do we select the birth computer version, Juan enters '10' into where do we select the birth computer version, Juan clicks on where do we select the birth language, Juan enters 'Spanish' into where do we select the birth language, Juan clicks on button press next location]], Then He enters his password and accepts the terms [Juan create [Juan enters 'WindowsM58' into where do we write the password, Juan enters 'WindowsM58' into where do we write the password confirm, Juan clicks on where do we check the first condition, Juan clicks on where do we check the second condition, Juan clicks on button press complete register]]
[Test worker] WARN net.thucydides.core.steps.BaseStepListener - stepFinished: current outcome:Create an account:Given than juan wants to register an account at the  Utest page [Juan open up [Juan opens the U text page], Juan register [Juan clicks on button that shows us the form to register, Juan enters 'Juan' into where do we write the first name, Juan enters 'Arboleda' into where do we write the last name, Juan enters 'Jhhhhhnfnn@gmail.com' into where do we write the email, Juan select June on where do we select the birth month, Juan select 30 on where do we select the birth day, Juan select 1999 on where do we select the birth year, Juan clicks on button press next location, Juan enters '050015' into where do we write the postal code, Juan clicks on button press next devices, Juan enters 'Colombia' into where do we select the contry, Juan clicks on button press next devices]], When he search his devices and tell about them [Juan search [Juan clicks on where do we select the birth computer, Juan enters 'Windows' into where do we select the birth computer, Juan clicks on where do we select the birth computer version, Juan enters '10' into where do we select the birth computer version, Juan clicks on where do we select the birth language, Juan enters 'Spanish' into where do we select the birth language, Juan clicks on button press next location]], Then He enters his password and accepts the terms [Juan create [Juan enters 'WindowsM58' into where do we write the password, Juan enters 'WindowsM58' into where do we write the password confirm, Juan clicks on where do we check the first condition, Juan clicks on where do we check the second condition, Juan clicks on button press complete register]]
[Test worker] WARN net.thucydides.core.steps.BaseStepListener - testFinished: Create an account:Given than juan wants to register an account at the  Utest page [Juan open up [Juan opens the U text page], Juan register [Juan clicks on button that shows us the form to register, Juan enters 'Juan' into where do we write the first name, Juan enters 'Arboleda' into where do we write the last name, Juan enters 'Jhhhhhnfnn@gmail.com' into where do we write the email, Juan select June on where do we select the birth month, Juan select 30 on where do we select the birth day, Juan select 1999 on where do we select the birth year, Juan clicks on button press next location, Juan enters '050015' into where do we write the postal code, Juan clicks on button press next devices, Juan enters 'Colombia' into where do we select the contry, Juan clicks on button press next devices]], When he search his devices and tell about them [Juan search [Juan clicks on where do we select the birth computer, Juan enters 'Windows' into where do we select the birth computer, Juan clicks on where do we select the birth computer version, Juan enters '10' into where do we select the birth computer version, Juan clicks on where do we select the birth language, Juan enters 'Spanish' into where do we select the birth language, Juan clicks on button press next location]], Then He enters his password and accepts the terms [Juan create [Juan enters 'WindowsM58' into where do we write the password, Juan enters 'WindowsM58' into where do we write the password confirm, Juan clicks on where do we check the first condition, Juan clicks on where do we check the second condition, Juan clicks on button press complete register]]
[Test worker] WARN net.thucydides.core.steps.BaseStepListener - TestOutcomes: [Create an account:Given than juan wants to register an account at the  Utest page [Juan open up [Juan opens the U text page], Juan register [Juan clicks on button that shows us the form to register, Juan enters 'Juan' into where do we write the first name, Juan enters 'Arboleda' into where do we write the last name, Juan enters 'Jhhhhhnfnn@gmail.com' into where do we write the email, Juan select June on where do we select the birth month, Juan select 30 on where do we select the birth day, Juan select 1999 on where do we select the birth year, Juan clicks on button press next location, Juan enters '050015' into where do we write the postal code, Juan clicks on button press next devices, Juan enters 'Colombia' into where do we select the contry, Juan clicks on button press next devices]], When he search his devices and tell about them [Juan search [Juan clicks on where do we select the birth computer, Juan enters 'Windows' into where do we select the birth computer, Juan clicks on where do we select the birth computer version, Juan enters '10' into where do we select the birth computer version, Juan clicks on where do we select the birth language, Juan enters 'Spanish' into where do we select the birth language, Juan clicks on button press next location]], Then He enters his password and accepts the terms [Juan create [Juan enters 'WindowsM58' into where do we write the password, Juan enters 'WindowsM58' into where do we write the password confirm, Juan clicks on where do we check the first condition, Juan clicks on where do we check the second condition, Juan clicks on button press complete register]]]
[Test worker] WARN net.thucydides.core.steps.BaseStepListener - Final testOutcomes: [Create an account:Given than juan wants to register an account at the  Utest page [Juan open up [Juan opens the U text page], Juan register [Juan clicks on button that shows us the form to register, Juan enters 'Juan' into where do we write the first name, Juan enters 'Arboleda' into where do we write the last name, Juan enters 'Jhhhhhnfnn@gmail.com' into where do we write the email, Juan select June on where do we select the birth month, Juan select 30 on where do we select the birth day, Juan select 1999 on where do we select the birth year, Juan clicks on button press next location, Juan enters '050015' into where do we write the postal code, Juan clicks on button press next devices, Juan enters 'Colombia' into where do we select the contry, Juan clicks on button press next devices]], When he search his devices and tell about them [Juan search [Juan clicks on where do we select the birth computer, Juan enters 'Windows' into where do we select the birth computer, Juan clicks on where do we select the birth computer version, Juan enters '10' into where do we select the birth computer version, Juan clicks on where do we select the birth language, Juan enters 'Spanish' into where do we select the birth language, Juan clicks on button press next location]], Then He enters his password and accepts the terms [Juan create [Juan enters 'WindowsM58' into where do we write the password, Juan enters 'WindowsM58' into where do we write the password confirm, Juan clicks on where do we check the first condition, Juan clicks on where do we check the second condition, Juan clicks on button press complete register]]]
[Test worker] INFO net.thucydides.core.steps.ConsoleLoggingListener - 
        __    _____ _____ ____ _____   ____   _    ____  ____  _____ ____  
  _     \ \  |_   _| ____/ ___|_   _| |  _ \ / \  / ___|/ ___|| ____|  _ \ 
 (_)_____| |   | | |  _| \___ \ | |   | |_) / _ \ \___ \\___ \|  _| | | | |
  _|_____| |   | | | |___ ___) || |   |  __/ ___ \ ___) |___) | |___| |_| |
 (_)     | |   |_| |_____|____/ |_|   |_| /_/   \_\____/|____/|_____|____/ 
        /_/                                                                

TEST PASSED: Create an account
----------------------------------------------------------------------------
]]></system-err>
</testsuite>
